TrovTwitterProject/build/outputs/logs/manifest-merger-debug-report.txt
-- Merging decision tree log ---
manifest
ADDED from src/main/AndroidManifest.xml:9:1-61:12
	xmlns:android
		ADDED from src/main/AndroidManifest.xml:9:11-69
	package
		ADDED from src/main/AndroidManifest.xml:10:5-32
		INJECTED from src/main/AndroidManifest.xml
		INJECTED from src/main/AndroidManifest.xml
	android:versionName
		INJECTED from src/main/AndroidManifest.xml
		INJECTED from src/main/AndroidManifest.xml
	android:versionCode
		INJECTED from src/main/AndroidManifest.xml
		INJECTED from src/main/AndroidManifest.xml
uses-permission#android.permission.AUTHENTICATE_ACCOUNTS
ADDED from src/main/AndroidManifest.xml:12:5-80
	android:name
		ADDED from src/main/AndroidManifest.xml:12:22-77
uses-permission#android.permission.GET_ACCOUNTS
ADDED from src/main/AndroidManifest.xml:13:5-71
	android:name
		ADDED from src/main/AndroidManifest.xml:13:22-68
uses-permission#android.permission.INTERNET
ADDED from src/main/AndroidManifest.xml:14:5-67
	android:name
		ADDED from src/main/AndroidManifest.xml:14:22-64
uses-permission#android.permission.ACCESS_NETWORK_STATE
ADDED from src/main/AndroidManifest.xml:15:5-79
	android:name
		ADDED from src/main/AndroidManifest.xml:15:22-76
application
ADDED from src/main/AndroidManifest.xml:17:5-59:19
MERGED from [com.android.support:appcompat-v7:22.2.0] AndroidManifest.xml:22:5-20
MERGED from [com.android.support:support-v4:22.2.0] AndroidManifest.xml:22:5-20
	android:label
		ADDED from src/main/AndroidManifest.xml:21:9-41
	android:allowBackup
		ADDED from src/main/AndroidManifest.xml:19:9-35
	android:icon
		ADDED from src/main/AndroidManifest.xml:20:9-43
	android:theme
		ADDED from src/main/AndroidManifest.xml:22:9-40
	android:name
		ADDED from src/main/AndroidManifest.xml:18:9-57
activity#com.trov.twitter.Views.LoginActivity
ADDED from src/main/AndroidManifest.xml:24:9-33:20
	android:noHistory
		ADDED from src/main/AndroidManifest.xml:27:13-37
	android:label
		ADDED from src/main/AndroidManifest.xml:26:13-45
	android:name
		ADDED from src/main/AndroidManifest.xml:25:13-64
intent-filter#android.intent.action.MAIN+android.intent.category.LAUNCHER
ADDED from src/main/AndroidManifest.xml:28:13-32:29
action#android.intent.action.MAIN
ADDED from src/main/AndroidManifest.xml:29:17-69
	android:name
		ADDED from src/main/AndroidManifest.xml:29:25-66
category#android.intent.category.LAUNCHER
ADDED from src/main/AndroidManifest.xml:31:17-77
	android:name
		ADDED from src/main/AndroidManifest.xml:31:27-74
meta-data#com.google.android.gms.version
ADDED from src/main/AndroidManifest.xml:38:9-40:33
	android:name
		ADDED from src/main/AndroidManifest.xml:39:13-58
	android:value
		ADDED from src/main/AndroidManifest.xml:40:13-30
meta-data#DATABASE
ADDED from src/main/AndroidManifest.xml:41:9-43:42
	android:name
		ADDED from src/main/AndroidManifest.xml:42:13-36
	android:value
		ADDED from src/main/AndroidManifest.xml:43:13-39
meta-data#VERSION
ADDED from src/main/AndroidManifest.xml:44:9-46:33
	android:name
		ADDED from src/main/AndroidManifest.xml:45:13-35
	android:value
		ADDED from src/main/AndroidManifest.xml:46:13-30
meta-data#QUERY_LOG
ADDED from src/main/AndroidManifest.xml:47:9-49:36
	android:name
		ADDED from src/main/AndroidManifest.xml:48:13-37
	android:value
		ADDED from src/main/AndroidManifest.xml:49:13-33
meta-data#DOMAIN_PACKAGE_NAME
ADDED from src/main/AndroidManifest.xml:50:9-52:56
	android:name
		ADDED from src/main/AndroidManifest.xml:51:13-47
	android:value
		ADDED from src/main/AndroidManifest.xml:52:13-53
activity#com.trov.twitter.Views.TweetsActivity
ADDED from src/main/AndroidManifest.xml:54:9-57:66
	android:windowSoftInputMode
		ADDED from src/main/AndroidManifest.xml:57:13-54
	android:label
		ADDED from src/main/AndroidManifest.xml:56:13-59
	android:name
		ADDED from src/main/AndroidManifest.xml:55:13-65
uses-sdk
INJECTED from src/main/AndroidManifest.xml reason: use-sdk injection requested
MERGED from [com.android.support:appcompat-v7:22.2.0] AndroidManifest.xml:20:5-43
MERGED from [com.android.support:support-v4:22.2.0] AndroidManifest.xml:20:5-43
MERGED from [com.github.satyan:sugar:1.5] AndroidManifest.xml:7:5-9:41
	android:targetSdkVersion
		INJECTED from src/main/AndroidManifest.xml
		INJECTED from src/main/AndroidManifest.xml
	android:minSdkVersion
		INJECTED from src/main/AndroidManifest.xml
		INJECTED from src/main/AndroidManifest.xml